Organizer loaded at Sat Feb 22 11:48:13 2025
2025-02-22 11:48:13| Organizer [VERBOSE] Adding inventory to the pull list
2025-02-22 11:48:13| Organizer [VERBOSE] Adding wardrobe7 to the pull list
2025-02-22 11:48:13| Organizer [VERBOSE] Adding satchel to the pull list
2025-02-22 11:48:13| Organizer [VERBOSE] Adding wardrobe8 to the pull list
2025-02-22 11:48:13| Organizer [VERBOSE] Adding wardrobe6 to the pull list
2025-02-22 11:48:13| Organizer [VERBOSE] Adding wardrobe5 to the pull list
2025-02-22 11:48:13| Organizer [VERBOSE] Adding sack to the pull list
2025-02-22 11:48:13| Organizer [VERBOSE] Adding safe2 to the pull list
2025-02-22 11:48:13| Organizer [VERBOSE] Adding wardrobe3 to the pull list
2025-02-22 11:48:13| Organizer [VERBOSE] Adding wardrobe4 to the pull list
2025-02-22 11:48:13| Organizer [VERBOSE] Adding safe to the pull list
2025-02-22 11:48:13| Organizer [VERBOSE] Adding wardrobe to the pull list
2025-02-22 11:48:13| Organizer [VERBOSE] Adding storage to the pull list
2025-02-22 11:48:13| Organizer [VERBOSE] Adding locker to the pull list
2025-02-22 11:48:13| Organizer [VERBOSE] Adding wardrobe2 to the pull list
2025-02-22 11:48:13| Organizer [VERBOSE] Adding case to the pull list
2025-02-22 11:48:13| Organizer [VERBOSE] Adding storage to the push list
2025-02-22 11:48:13| Organizer [VERBOSE] Adding locker to the push list
2025-02-22 11:48:13| Organizer [VERBOSE] Adding safe to the push list
2025-02-22 11:48:13| Organizer [VERBOSE] Adding safe2 to the push list
